2024-03-11 12:52:41,848 INFO o.e.Calculator [main] Processing command: Define a 2
2024-03-11 12:52:41,852 DEBUG o.e.Calculator [main] Stack: []
2024-03-11 12:52:41,852 DEBUG o.e.Calculator [main] Parameters: {}
2024-03-11 12:52:51,280 INFO o.e.Calculator [main] Processing command: DEFINE a 2
2024-03-11 12:52:51,284 DEBUG o.e.Calculator [main] Stack: []
2024-03-11 12:52:51,284 DEBUG o.e.Calculator [main] Parameters: {A=2.0}
2024-03-11 12:52:55,960 INFO o.e.Calculator [main] Processing command: PUSH a
2024-03-11 12:52:55,968 DEBUG o.e.Calculator [main] Stack: [2.0]
2024-03-11 12:52:55,968 DEBUG o.e.Calculator [main] Parameters: {A=2.0}
2024-03-11 12:52:58,418 INFO o.e.Calculator [main] Processing command: PRINT
2024-03-11 12:52:58,426 DEBUG o.e.Calculator [main] Stack: [2.0]
2024-03-11 12:52:58,426 DEBUG o.e.Calculator [main] Parameters: {A=2.0}
2024-03-11 12:53:00,683 INFO o.e.Calculator [main] Processing command: pirnt
2024-03-11 12:53:00,684 DEBUG o.e.Calculator [main] Stack: [2.0]
2024-03-11 12:53:00,685 DEBUG o.e.Calculator [main] Parameters: {A=2.0}
2024-03-11 12:53:03,647 INFO o.e.Calculator [main] Processing command: Print
2024-03-11 12:53:03,649 DEBUG o.e.Calculator [main] Stack: [2.0]
2024-03-11 12:53:03,649 DEBUG o.e.Calculator [main] Parameters: {A=2.0}
2024-03-11 12:57:02,387 INFO o.e.Calculator [main] Processing command: Defin a 2
2024-03-11 12:57:02,391 DEBUG o.e.Calculator [main] Stack: []
2024-03-11 12:57:02,391 DEBUG o.e.Calculator [main] Parameters: {}
2024-03-11 12:57:46,565 INFO o.e.Calculator [main] Processing command: DEFINE a 2fig
2024-03-11 12:57:46,569 ERROR o.e.Calculator [main] Error during command execution: Error creating command
2024-03-11 22:11:15,016 INFO o.e.Calculator [main] Processing command: DEFINE a 2dig
2024-03-11 22:11:15,022 DEBUG o.e.Calculator [main] Stack: []
2024-03-11 22:11:15,023 DEBUG o.e.Calculator [main] Parameters: {A=0.0}
2024-03-11 22:11:30,746 INFO o.e.Calculator [main] Processing command: Define a 2 dig
2024-03-11 22:11:30,755 DEBUG o.e.Calculator [main] Stack: []
2024-03-11 22:11:30,755 DEBUG o.e.Calculator [main] Parameters: {A=0.0}
2024-03-11 22:19:47,321 INFO o.e.Calculator [main] Processing command: PUSH 5
2024-03-11 22:19:47,332 DEBUG o.e.Calculator [main] Stack: [5.0]
2024-03-11 22:19:47,332 DEBUG o.e.Calculator [main] Parameters: {}
2024-03-11 22:19:49,437 INFO o.e.Calculator [main] Processing command: PUSH 0
2024-03-11 22:19:49,438 DEBUG o.e.Calculator [main] Stack: [5.0, 0.0]
2024-03-11 22:19:49,438 DEBUG o.e.Calculator [main] Parameters: {}
2024-03-11 22:19:50,532 INFO o.e.Calculator [main] Processing command: /
2024-03-11 22:19:50,535 DEBUG o.e.Calculator [main] Stack: []
2024-03-11 22:19:50,535 DEBUG o.e.Calculator [main] Parameters: {}
2024-03-11 22:19:57,777 INFO o.e.Calculator [main] Processing command: PRINT
2024-03-11 22:19:57,784 DEBUG o.e.Calculator [main] Stack: []
2024-03-11 22:19:57,785 DEBUG o.e.Calculator [main] Parameters: {}
2024-03-11 22:24:35,413 INFO o.e.Calculator [main] Processing command: PUSH 5
2024-03-11 22:24:35,419 DEBUG o.e.Calculator [main] Stack: [5.0]
2024-03-11 22:24:35,419 DEBUG o.e.Calculator [main] Parameters: {}
2024-03-11 22:24:37,442 INFO o.e.Calculator [main] Processing command: PUSH 0
2024-03-11 22:24:37,442 DEBUG o.e.Calculator [main] Stack: [5.0, 0.0]
2024-03-11 22:24:37,442 DEBUG o.e.Calculator [main] Parameters: {}
2024-03-11 22:24:38,313 INFO o.e.Calculator [main] Processing command: /
2024-03-11 22:24:38,316 DEBUG o.e.Calculator [main] Stack: []
2024-03-11 22:24:38,316 DEBUG o.e.Calculator [main] Parameters: {}
2024-03-11 22:24:44,098 INFO o.e.Calculator [main] Processing command: PRINT
2024-03-11 22:24:44,100 DEBUG o.e.Calculator [main] Stack: []
2024-03-11 22:24:44,100 DEBUG o.e.Calculator [main] Parameters: {}
2024-03-11 22:32:13,627 INFO o.e.Calculator [main] Processing command: PUSH 5
2024-03-11 22:32:13,632 DEBUG o.e.Calculator [main] Stack: [5.0]
2024-03-11 22:32:13,633 DEBUG o.e.Calculator [main] Parameters: {}
2024-03-11 22:32:14,825 INFO o.e.Calculator [main] Processing command: +
2024-03-11 22:32:14,826 DEBUG o.e.Calculator [main] Stack: []
2024-03-11 22:32:14,826 DEBUG o.e.Calculator [main] Parameters: {}
2024-03-11 22:32:20,631 INFO o.e.Calculator [main] Processing command: PUSH 4
2024-03-11 22:32:20,632 DEBUG o.e.Calculator [main] Stack: [4.0]
2024-03-11 22:32:20,632 DEBUG o.e.Calculator [main] Parameters: {}
2024-03-11 22:32:21,869 INFO o.e.Calculator [main] Processing command: +
2024-03-11 22:32:21,869 DEBUG o.e.Calculator [main] Stack: []
2024-03-11 22:32:21,870 DEBUG o.e.Calculator [main] Parameters: {}
2024-03-11 22:33:55,410 INFO o.e.Calculator [main] Processing command: PUSH 5
2024-03-11 22:33:55,417 DEBUG o.e.Calculator [main] Stack: [5.0]
2024-03-11 22:33:55,418 DEBUG o.e.Calculator [main] Parameters: {}
2024-03-11 22:33:57,840 INFO o.e.Calculator [main] Processing command: PUSH 0
2024-03-11 22:33:57,841 DEBUG o.e.Calculator [main] Stack: [5.0, 0.0]
2024-03-11 22:33:57,841 DEBUG o.e.Calculator [main] Parameters: {}
2024-03-11 22:33:59,438 INFO o.e.Calculator [main] Processing command: /
2024-03-11 22:33:59,440 DEBUG o.e.Calculator [main] Stack: [5.0, 0.0]
2024-03-11 22:33:59,440 DEBUG o.e.Calculator [main] Parameters: {}
2024-03-11 22:34:01,127 INFO o.e.Calculator [main] Processing command: PRINT
2024-03-11 22:34:01,129 DEBUG o.e.Calculator [main] Stack: [5.0, 0.0]
2024-03-11 22:34:01,129 DEBUG o.e.Calculator [main] Parameters: {}
2024-03-11 22:34:05,551 INFO o.e.Calculator [main] Processing command: +
2024-03-11 22:34:05,553 DEBUG o.e.Calculator [main] Stack: [5.0]
2024-03-11 22:34:05,553 DEBUG o.e.Calculator [main] Parameters: {}
2024-03-11 22:34:07,189 INFO o.e.Calculator [main] Processing command: PRINT
2024-03-11 22:34:07,190 DEBUG o.e.Calculator [main] Stack: [5.0]
2024-03-11 22:34:07,190 DEBUG o.e.Calculator [main] Parameters: {}
2024-03-11 22:34:21,302 INFO o.e.Calculator [main] Processing command: PUSH 5
2024-03-11 22:34:21,308 DEBUG o.e.Calculator [main] Stack: [5.0]
2024-03-11 22:34:21,308 DEBUG o.e.Calculator [main] Parameters: {}
2024-03-11 22:34:22,369 INFO o.e.Calculator [main] Processing command: +
2024-03-11 22:34:22,370 DEBUG o.e.Calculator [main] Stack: [5.0]
2024-03-11 22:34:22,370 DEBUG o.e.Calculator [main] Parameters: {}
2024-03-11 22:34:25,639 INFO o.e.Calculator [main] Processing command: PRINT
2024-03-11 22:34:25,642 DEBUG o.e.Calculator [main] Stack: [5.0]
2024-03-11 22:34:25,642 DEBUG o.e.Calculator [main] Parameters: {}
2024-03-11 22:46:15,279 INFO o.e.Calculator [main] Processing command: PUSH 5
2024-03-11 22:46:15,286 DEBUG o.e.Calculator [main] Stack: [5.0]
2024-03-11 22:46:15,286 DEBUG o.e.Calculator [main] Parameters: {}
2024-03-11 22:46:17,490 INFO o.e.Calculator [main] Processing command: PUSH 3
2024-03-11 22:46:17,491 DEBUG o.e.Calculator [main] Stack: [5.0, 3.0]
2024-03-11 22:46:17,491 DEBUG o.e.Calculator [main] Parameters: {}
2024-03-11 22:46:19,527 INFO o.e.Calculator [main] Processing command: /
2024-03-11 22:46:19,528 DEBUG o.e.Calculator [main] Stack: [1.6666666666666667]
2024-03-11 22:46:19,529 DEBUG o.e.Calculator [main] Parameters: {}
2024-03-11 22:46:21,486 INFO o.e.Calculator [main] Processing command: PRINT
2024-03-11 22:46:21,488 DEBUG o.e.Calculator [main] Stack: [1.6666666666666667]
2024-03-11 22:46:21,488 DEBUG o.e.Calculator [main] Parameters: {}
2024-03-11 22:52:53,572 INFO o.e.Calculator [main] Processing command: PUSH 2.2342fig
2024-03-11 22:52:53,577 DEBUG o.e.Calculator [main] Stack: []
2024-03-11 22:52:53,577 DEBUG o.e.Calculator [main] Parameters: {}
2024-03-11 22:53:01,651 INFO o.e.Calculator [main] Processing command: PRINT
2024-03-11 22:53:01,652 DEBUG o.e.Calculator [main] Stack: []
2024-03-11 22:53:01,652 DEBUG o.e.Calculator [main] Parameters: {}
2024-03-11 22:54:55,530 INFO o.e.Calculator [main] Processing command: PUSH 234fig
2024-03-11 22:54:55,535 DEBUG o.e.Calculator [main] Stack: []
2024-03-11 22:54:55,535 DEBUG o.e.Calculator [main] Parameters: {}
2024-03-11 22:56:10,049 INFO o.e.Calculator [main] Processing command: DEFINE a
2024-03-11 22:56:10,053 DEBUG o.e.Calculator [main] Stack: []
2024-03-11 22:56:10,053 DEBUG o.e.Calculator [main] Parameters: {null=0.0}
2024-03-11 22:56:38,466 INFO o.e.Calculator [main] Processing command: DEFINE a
2024-03-11 22:56:38,471 DEBUG o.e.Calculator [main] Stack: []
2024-03-11 22:56:38,471 DEBUG o.e.Calculator [main] Parameters: {null=0.0}
